#
# There is insufficient memory for the Java Runtime Environment to continue.
# Native memory allocation (malloc) failed to allocate 120576 bytes for Chunk::new
# Possible reasons:
#   The system is out of physical RAM or swap space
#   The process is running with CompressedOops enabled, and the Java Heap may be blocking the growth of the native heap
# Possible solutions:
#   Reduce memory load on the system
#   Increase physical memory or swap space
#   Check if swap backing store is full
#   Decrease Java heap size (-Xmx/-Xms)
#   Decrease number of Java threads
#   Decrease Java thread stack sizes (-Xss)
#   Set larger code cache with -XX:ReservedCodeCacheSize=
#   JVM is running with Unscaled Compressed Oops mode in which the Java heap is
#     placed in the first 4GB address space. The Java Heap base address is the
#     maximum limit for the native heap growth. Please use -XX:HeapBaseMinAddress
#     to set the Java Heap base and to place the Java Heap above 4GB virtual address.
# This output file may be truncated or incomplete.
#
#  Out of Memory Error (./open/src/hotspot/share/memory/arena.cpp:195), pid=16712, tid=9956
#
# JRE version: Java(TM) SE Runtime Environment (15.0.2+7) (build 15.0.2+7-27)
# Java VM: Java HotSpot(TM) 64-Bit Server VM (15.0.2+7-27, mixed mode, sharing, tiered, compressed oops, g1 gc, windows-amd64)
# No core dump will be written. Minidumps are not enabled by default on client versions of Windows
#

---------------  S U M M A R Y ------------

Command Line: -Xmx64m -Xms64m -Dorg.gradle.appname=gradlew org.gradle.wrapper.GradleWrapperMain app:installDebug -PreactNativeDevServerPort=8081

Host: Intel(R) Core(TM) i7-6500U CPU @ 2.50GHz, 4 cores, 11G,  Windows 10 , 64 bit Build 19041 (10.0.19041.1645)
Time: Wed May 11 19:10:49 2022 Paris, Madrid (heure d’été) elapsed time: 0.482115 seconds (0d 0h 0m 0s)

---------------  T H R E A D  ---------------

Current thread (0x0000021273a7d6c0):  JavaThread "C2 CompilerThread0" daemon [_thread_in_native, id=9956, stack(0x0000003b73400000,0x0000003b73500000)]


Current CompileTask:
C2:    482  562       4       java.lang.StringLatin1::replace (198 bytes)

Stack: [0x0000003b73400000,0x0000003b73500000]
Native frames: (J=compiled Java code, j=interpreted, Vv=VM code, C=native code)
V  [jvm.dll+0x62ae9a]
V  [jvm.dll+0x7817a9]
V  [jvm.dll+0x782f03]
V  [jvm.dll+0x783563]
V  [jvm.dll+0x216325]
V  [jvm.dll+0x97f3a]
V  [jvm.dll+0x9861c]
V  [jvm.dll+0x279f9f]
V  [jvm.dll+0x540794]
V  [jvm.dll+0x1f3124]
V  [jvm.dll+0x1ecaf1]
V  [jvm.dll+0x1e9867]
V  [jvm.dll+0x178567]
V  [jvm.dll+0x1f9225]
V  [jvm.dll+0x1f72cc]
V  [jvm.dll+0x74495d]
V  [jvm.dll+0x73d75a]
V  [jvm.dll+0x629c56]
C  [ucrtbase.dll+0x21bb2]
C  [KERNEL32.DLL+0x17034]
C  [ntdll.dll+0x52651]


---------------  P R O C E S S  ---------------

Threads class SMR info:
_java_thread_list=0x0000021273e48da0, length=12, elements={
0x0000021257a52d50, 0x0000021257b2b3c0, 0x0000021257b2bf90, 0x0000021273a79fa0,
0x0000021273a7a960, 0x0000021273a7c420, 0x0000021273a7d6c0, 0x0000021273a81760,
0x0000021273a8d960, 0x0000021273cfa2c0, 0x0000021273cfeab0, 0x0000021273e1a0c0
}

Java Threads: ( => current thread )
  0x0000021257a52d50 JavaThread "main" [_thread_in_vm, id=14684, stack(0x0000003b72800000,0x0000003b72900000)]
  0x0000021257b2b3c0 JavaThread "Reference Handler" daemon [_thread_blocked, id=17400, stack(0x0000003b72f00000,0x0000003b73000000)]
  0x0000021257b2bf90 JavaThread "Finalizer" daemon [_thread_blocked, id=16860, stack(0x0000003b73000000,0x0000003b73100000)]
  0x0000021273a79fa0 JavaThread "Signal Dispatcher" daemon [_thread_blocked, id=10708, stack(0x0000003b73100000,0x0000003b73200000)]
  0x0000021273a7a960 JavaThread "Attach Listener" daemon [_thread_blocked, id=7616, stack(0x0000003b73200000,0x0000003b73300000)]
  0x0000021273a7c420 JavaThread "Service Thread" daemon [_thread_blocked, id=11248, stack(0x0000003b73300000,0x0000003b73400000)]
=>0x0000021273a7d6c0 JavaThread "C2 CompilerThread0" daemon [_thread_in_native, id=9956, stack(0x0000003b73400000,0x0000003b73500000)]
  0x0000021273a81760 JavaThread "C1 CompilerThread0" daemon [_thread_blocked, id=6484, stack(0x0000003b73500000,0x0000003b73600000)]
  0x0000021273a8d960 JavaThread "Sweeper thread" daemon [_thread_blocked, id=17584, stack(0x0000003b73600000,0x0000003b73700000)]
  0x0000021273cfa2c0 JavaThread "Notification Thread" daemon [_thread_blocked, id=18144, stack(0x0000003b73700000,0x0000003b73800000)]
  0x0000021273cfeab0 JavaThread "Common-Cleaner" daemon [_thread_blocked, id=17596, stack(0x0000003b73900000,0x0000003b73a00000)]
  0x0000021273e1a0c0 JavaThread "C2 CompilerThread1" daemon [_thread_blocked, id=17964, stack(0x0000003b73a00000,0x0000003b73b00000)]

Other Threads:
  0x0000021257b27b30 VMThread "VM Thread" [stack: 0x0000003b72e00000,0x0000003b72f00000] [id=6776]
  0x0000021273cfe7a0 WatcherThread [stack: 0x0000003b73800000,0x0000003b73900000] [id=2620]
  0x0000021257a72ca0 GCTaskThread "GC Thread#0" [stack: 0x0000003b72900000,0x0000003b72a00000] [id=17464]
  0x0000021257a75680 ConcurrentGCThread "G1 Main Marker" [stack: 0x0000003b72a00000,0x0000003b72b00000] [id=15888]
  0x0000021257a76270 ConcurrentGCThread "G1 Conc#0" [stack: 0x0000003b72b00000,0x0000003b72c00000] [id=18304]
  0x0000021257ac4220 ConcurrentGCThread "G1 Refine#0" [stack: 0x0000003b72c00000,0x0000003b72d00000] [id=15388]
  0x0000021257ac5b70 ConcurrentGCThread "G1 Young RemSet Sampling" [stack: 0x0000003b72d00000,0x0000003b72e00000] [id=10084]

Threads with active compile tasks:
C2 CompilerThread0      525  562       4       java.lang.StringLatin1::replace (198 bytes)

VM state: not at safepoint (normal execution)

VM Mutex/Monitor currently owned by a thread: None

OutOfMemory and StackOverflow Exception counts:
OutOfMemoryError java_heap_errors=2
LinkageErrors=3

Heap address: 0x00000000fc000000, size: 64 MB, Compressed Oops mode: 32-bit
CDS archive(s) mapped at: [0x0000000800000000-0x0000000800b50000-0x0000000800b50000), size 11862016, SharedBaseAddress: 0x0000000800000000, ArchiveRelocationMode: 0.
Compressed class space mapped at: 0x0000000800b50000-0x0000000840b50000, size: 1073741824
Narrow klass base: 0x0000000800000000, Narrow klass shift: 3, Narrow klass range: 0x100000000

GC Precious Log:
 CPUs: 4 total, 4 available
 Memory: 12170M
 Large Page Support: Disabled
 NUMA Support: Disabled
 Compressed Oops: Enabled (32-bit)
 Heap Region Size: 1M
 Heap Min Capacity: 64M
 Heap Initial Capacity: 64M
 Heap Max Capacity: 64M
 Pre-touch: Disabled
 Parallel Workers: 4
 Concurrent Workers: 1
 Concurrent Refinement Workers: 4
 Periodic GC: Disabled

Heap:
 garbage-first heap   total 65536K, used 14336K [0x00000000fc000000, 0x0000000100000000)
  region size 1024K, 13 young (13312K), 0 survivors (0K)
 Metaspace       used 2219K, capacity 5283K, committed 5504K, reserved 1056768K
  class space    used 227K, capacity 545K, committed 640K, reserved 1048576K

Heap Regions: E=young(eden), S=young(survivor), O=old, HS=humongous(starts), HC=humongous(continues), CS=collection set, F=free, OA=open archive, CA=closed archive, TAMS=top-at-mark-start (previous, next)
|   0|0x00000000fc000000, 0x00000000fc100000, 0x00000000fc100000|100%|HS|  |TAMS 0x00000000fc000000, 0x00000000fc000000| Complete 
|   1|0x00000000fc100000, 0x00000000fc200000, 0x00000000fc200000|100%|HC|  |TAMS 0x00000000fc100000, 0x00000000fc100000| Complete 
|   2|0x00000000fc200000, 0x00000000fc300000, 0x00000000fc300000|100%|HC|  |TAMS 0x00000000fc200000, 0x00000000fc200000| Complete 
|   3|0x00000000fc300000, 0x00000000fc300000, 0x00000000fc400000|  0%| F|  |TAMS 0x00000000fc300000, 0x00000000fc300000| Untracked 
|   4|0x00000000fc400000, 0x00000000fc400000, 0x00000000fc500000|  0%| F|  |TAMS 0x00000000fc400000, 0x00000000fc400000| Untracked 
|   5|0x00000000fc500000, 0x00000000fc500000, 0x00000000fc600000|  0%| F|  |TAMS 0x00000000fc500000, 0x00000000fc500000| Untracked 
|   6|0x00000000fc600000, 0x00000000fc600000, 0x00000000fc700000|  0%| F|  |TAMS 0x00000000fc600000, 0x00000000fc600000| Untracked 
|   7|0x00000000fc700000, 0x00000000fc700000, 0x00000000fc800000|  0%| F|  |TAMS 0x00000000fc700000, 0x00000000fc700000| Untracked 
|   8|0x00000000fc800000, 0x00000000fc800000, 0x00000000fc900000|  0%| F|  |TAMS 0x00000000fc800000, 0x00000000fc800000| Untracked 
|   9|0x00000000fc900000, 0x00000000fc900000, 0x00000000fca00000|  0%| F|  |TAMS 0x00000000fc900000, 0x00000000fc900000| Untracked 
|  10|0x00000000fca00000, 0x00000000fca00000, 0x00000000fcb00000|  0%| F|  |TAMS 0x00000000fca00000, 0x00000000fca00000| Untracked 
|  11|0x00000000fcb00000, 0x00000000fcb00000, 0x00000000fcc00000|  0%| F|  |TAMS 0x00000000fcb00000, 0x00000000fcb00000| Untracked 
|  12|0x00000000fcc00000, 0x00000000fcc00000, 0x00000000fcd00000|  0%| F|  |TAMS 0x00000000fcc00000, 0x00000000fcc00000| Untracked 
|  13|0x00000000fcd00000, 0x00000000fcd00000, 0x00000000fce00000|  0%| F|  |TAMS 0x00000000fcd00000, 0x00000000fcd00000| Untracked 
|  14|0x00000000fce00000, 0x00000000fce00000, 0x00000000fcf00000|  0%| F|  |TAMS 0x00000000fce00000, 0x00000000fce00000| Untracked 
|  15|0x00000000fcf00000, 0x00000000fcf00000, 0x00000000fd000000|  0%| F|  |TAMS 0x00000000fcf00000, 0x00000000fcf00000| Untracked 
|  16|0x00000000fd000000, 0x00000000fd000000, 0x00000000fd100000|  0%| F|  |TAMS 0x00000000fd000000, 0x00000000fd000000| Untracked 
|  17|0x00000000fd100000, 0x00000000fd100000, 0x00000000fd200000|  0%| F|  |TAMS 0x00000000fd100000, 0x00000000fd100000| Untracked 
|  18|0x00000000fd200000, 0x00000000fd200000, 0x00000000fd300000|  0%| F|  |TAMS 0x00000000fd200000, 0x00000000fd200000| Untracked 
|  19|0x00000000fd300000, 0x00000000fd300000, 0x00000000fd400000|  0%| F|  |TAMS 0x00000000fd300000, 0x00000000fd300000| Untracked 
|  20|0x00000000fd400000, 0x00000000fd400000, 0x00000000fd500000|  0%| F|  |TAMS 0x00000000fd400000, 0x00000000fd400000| Untracked 
|  21|0x00000000fd500000, 0x00000000fd500000, 0x00000000fd600000|  0%| F|  |TAMS 0x00000000fd500000, 0x00000000fd500000| Untracked 
|  22|0x00000000fd600000, 0x00000000fd600000, 0x00000000fd700000|  0%| F|  |TAMS 0x00000000fd600000, 0x00000000fd600000| Untracked 
|  23|0x00000000fd700000, 0x00000000fd700000, 0x00000000fd800000|  0%| F|  |TAMS 0x00000000fd700000, 0x00000000fd700000| Untracked 
|  24|0x00000000fd800000, 0x00000000fd800000, 0x00000000fd900000|  0%| F|  |TAMS 0x00000000fd800000, 0x00000000fd800000| Untracked 
|  25|0x00000000fd900000, 0x00000000fd900000, 0x00000000fda00000|  0%| F|  |TAMS 0x00000000fd900000, 0x00000000fd900000| Untracked 
|  26|0x00000000fda00000, 0x00000000fda00000, 0x00000000fdb00000|  0%| F|  |TAMS 0x00000000fda00000, 0x00000000fda00000| Untracked 
|  27|0x00000000fdb00000, 0x00000000fdb00000, 0x00000000fdc00000|  0%| F|  |TAMS 0x00000000fdb00000, 0x00000000fdb00000| Untracked 
|  28|0x00000000fdc00000, 0x00000000fdc00000, 0x00000000fdd00000|  0%| F|  |TAMS 0x00000000fdc00000, 0x00000000fdc00000| Untracked 
|  29|0x00000000fdd00000, 0x00000000fdd00000, 0x00000000fde00000|  0%| F|  |TAMS 0x00000000fdd00000, 0x00000000fdd00000| Untracked 
|  30|0x00000000fde00000, 0x00000000fde00000, 0x00000000fdf00000|  0%| F|  |TAMS 0x00000000fde00000, 0x00000000fde00000| Untracked 
|  31|0x00000000fdf00000, 0x00000000fdf00000, 0x00000000fe000000|  0%| F|  |TAMS 0x00000000fdf00000, 0x00000000fdf00000| Untracked 
|  32|0x00000000fe000000, 0x00000000fe000000, 0x00000000fe100000|  0%| F|  |TAMS 0x00000000fe000000, 0x00000000fe000000| Untracked 
|  33|0x00000000fe100000, 0x00000000fe100000, 0x00000000fe200000|  0%| F|  |TAMS 0x00000000fe100000, 0x00000000fe100000| Untracked 
|  34|0x00000000fe200000, 0x00000000fe200000, 0x00000000fe300000|  0%| F|  |TAMS 0x00000000fe200000, 0x00000000fe200000| Untracked 
|  35|0x00000000fe300000, 0x00000000fe300000, 0x00000000fe400000|  0%| F|  |TAMS 0x00000000fe300000, 0x00000000fe300000| Untracked 
|  36|0x00000000fe400000, 0x00000000fe400000, 0x00000000fe500000|  0%| F|  |TAMS 0x00000000fe400000, 0x00000000fe400000| Untracked 
|  37|0x00000000fe500000, 0x00000000fe500000, 0x00000000fe600000|  0%| F|  |TAMS 0x00000000fe500000, 0x00000000fe500000| Untracked 
|  38|0x00000000fe600000, 0x00000000fe600000, 0x00000000fe700000|  0%| F|  |TAMS 0x00000000fe600000, 0x00000000fe600000| Untracked 
|  39|0x00000000fe700000, 0x00000000fe700000, 0x00000000fe800000|  0%| F|  |TAMS 0x00000000fe700000, 0x00000000fe700000| Untracked 
|  40|0x00000000fe800000, 0x00000000fe800000, 0x00000000fe900000|  0%| F|  |TAMS 0x00000000fe800000, 0x00000000fe800000| Untracked 
|  41|0x00000000fe900000, 0x00000000fe900000, 0x00000000fea00000|  0%| F|  |TAMS 0x00000000fe900000, 0x00000000fe900000| Untracked 
|  42|0x00000000fea00000, 0x00000000fea00000, 0x00000000feb00000|  0%| F|  |TAMS 0x00000000fea00000, 0x00000000fea00000| Untracked 
|  43|0x00000000feb00000, 0x00000000feb00000, 0x00000000fec00000|  0%| F|  |TAMS 0x00000000feb00000, 0x00000000feb00000| Untracked 
|  44|0x00000000fec00000, 0x00000000fec00000, 0x00000000fed00000|  0%| F|  |TAMS 0x00000000fec00000, 0x00000000fec00000| Untracked 
|  45|0x00000000fed00000, 0x00000000fed00000, 0x00000000fee00000|  0%| F|  |TAMS 0x00000000fed00000, 0x00000000fed00000| Untracked 
|  46|0x00000000fee00000, 0x00000000fee00000, 0x00000000fef00000|  0%| F|  |TAMS 0x00000000fee00000, 0x00000000fee00000| Untracked 
|  47|0x00000000fef00000, 0x00000000fef00000, 0x00000000ff000000|  0%| F|  |TAMS 0x00000000fef00000, 0x00000000fef00000| Untracked 
|  48|0x00000000ff000000, 0x00000000ff000000, 0x00000000ff100000|  0%| F|  |TAMS 0x00000000ff000000, 0x00000000ff000000| Untracked 
|  49|0x00000000ff100000, 0x00000000ff100000, 0x00000000ff200000|  0%| F|  |TAMS 0x00000000ff100000, 0x00000000ff100000| Untracked 
|  50|0x00000000ff200000, 0x00000000ff200000, 0x00000000ff300000|  0%| F|  |TAMS 0x00000000ff200000, 0x00000000ff200000| Untracked 
|  51|0x00000000ff300000, 0x00000000ff385a90, 0x00000000ff400000| 52%| E|  |TAMS 0x00000000ff300000, 0x00000000ff300000| Complete 
|  52|0x00000000ff400000, 0x00000000ff500000, 0x00000000ff500000|100%| E|CS|TAMS 0x00000000ff400000, 0x00000000ff400000| Complete 
|  53|0x00000000ff500000, 0x00000000ff600000, 0x00000000ff600000|100%| E|CS|TAMS 0x00000000ff500000, 0x00000000ff500000| Complete 
|  54|0x00000000ff600000, 0x00000000ff700000, 0x00000000ff700000|100%| E|  |TAMS 0x00000000ff600000, 0x00000000ff600000| Complete 
|  55|0x00000000ff700000, 0x00000000ff800000, 0x00000000ff800000|100%| E|CS|TAMS 0x00000000ff700000, 0x00000000ff700000| Complete 
|  56|0x00000000ff800000, 0x00000000ff900000, 0x00000000ff900000|100%| E|CS|TAMS 0x00000000ff800000, 0x00000000ff800000| Complete 
|  57|0x00000000ff900000, 0x00000000ffa00000, 0x00000000ffa00000|100%| E|CS|TAMS 0x00000000ff900000, 0x00000000ff900000| Complete 
|  58|0x00000000ffa00000, 0x00000000ffb00000, 0x00000000ffb00000|100%| E|CS|TAMS 0x00000000ffa00000, 0x00000000ffa00000| Complete 
|  59|0x00000000ffb00000, 0x00000000ffc00000, 0x00000000ffc00000|100%| E|CS|TAMS 0x00000000ffb00000, 0x00000000ffb00000| Complete 
|  60|0x00000000ffc00000, 0x00000000ffd00000, 0x00000000ffd00000|100%| E|CS|TAMS 0x00000000ffc00000, 0x00000000ffc00000| Complete 
|  61|0x00000000ffd00000, 0x00000000ffe00000, 0x00000000ffe00000|100%| E|CS|TAMS 0x00000000ffd00000, 0x00000000ffd00000| Complete 
|  62|0x00000000ffe00000, 0x00000000fff00000, 0x00000000fff00000|100%| E|CS|TAMS 0x00000000ffe00000, 0x00000000ffe00000| Complete 
|  63|0x00000000fff00000, 0x0000000100000000, 0x0000000100000000|100%| E|CS|TAMS 0x00000000fff00000, 0x00000000fff00000| Complete 

Card table byte_map: [0x0000021270ab0000,0x0000021270ad0000] _byte_map_base: 0x00000212702d0000

Marking Bits (Prev, Next): (CMBitMap*) 0x0000021257a73510, (CMBitMap*) 0x0000021257a73550
 Prev Bits: [0x0000021270af0000, 0x0000021270bf0000)
 Next Bits: [0x0000021270bf0000, 0x0000021270cf0000)

Polling page: 0x0000021257b30000

Metaspace:

Usage:
  Non-class:      4.63 MB capacity,     1.95 MB ( 42%) used,     2.67 MB ( 58%) free+waste,     2.12 KB ( <1%) overhead. 
      Class:    545.00 KB capacity,   230.68 KB ( 42%) used,   312.82 KB ( 57%) free+waste,     1.50 KB ( <1%) overhead. 
       Both:      5.16 MB capacity,     2.18 MB ( 42%) used,     2.98 MB ( 58%) free+waste,     3.62 KB ( <1%) overhead. 

Virtual space:
  Non-class space:        8.00 MB reserved,       4.75 MB ( 59%) committed 
      Class space:        1.00 GB reserved,     640.00 KB ( <1%) committed 
             Both:        1.01 GB reserved,       5.38 MB ( <1%) committed 

Chunk freelists:
   Non-Class:  62.00 KB
       Class:  1.00 KB
        Both:  63.00 KB

MaxMetaspaceSize: 17179869184.00 GB
CompressedClassSpaceSize: 1.00 GB

CodeHeap 'non-profiled nmethods': size=120000Kb used=197Kb max_used=197Kb free=119802Kb
 bounds [0x0000021268f40000, 0x00000212691b0000, 0x0000021270470000]
CodeHeap 'profiled nmethods': size=120000Kb used=1049Kb max_used=1049Kb free=118950Kb
 bounds [0x0000021261a10000, 0x0000021261c80000, 0x0000021268f40000]
CodeHeap 'non-nmethods': size=5760Kb used=1134Kb max_used=1168Kb free=4625Kb
 bounds [0x0000021261470000, 0x00000212616e0000, 0x0000021261a10000]
 total_blobs=1004 nmethods=621 adapters=296
 compilation: enabled
              stopped_count=0, restarted_count=0
 full_count=0

Compilation events (20 events):
Event: 0.468 Thread 0x0000021273a81760  561       3       java.nio.Buffer::limit (65 bytes)
Event: 0.468 Thread 0x0000021273a7d6c0  562       4       java.lang.StringLatin1::replace (198 bytes)
Event: 0.469 Thread 0x0000021273a81760 nmethod 561 0x0000021261af2e10 code [0x0000021261af2fc0, 0x0000021261af3268]
Event: 0.469 Thread 0x0000021273a81760  563       3       java.nio.ByteBuffer::limit (8 bytes)
Event: 0.469 Thread 0x0000021273a81760 nmethod 563 0x0000021261af3310 code [0x0000021261af34c0, 0x0000021261af3608]
Event: 0.469 Thread 0x0000021273a81760  564       1       java.nio.DirectByteBuffer::address (5 bytes)
Event: 0.469 Thread 0x0000021273a81760 nmethod 564 0x0000021268f6d490 code [0x0000021268f6d620, 0x0000021268f6d6d8]
Event: 0.469 Thread 0x0000021273a81760  565       1       java.nio.DirectByteBuffer::attachment (5 bytes)
Event: 0.469 Thread 0x0000021273a81760 nmethod 565 0x0000021268f6d790 code [0x0000021268f6d920, 0x0000021268f6d9d8]
Event: 0.469 Thread 0x0000021273a81760  566       3       java.lang.ClassLoader::checkPackageAccess (102 bytes)
Event: 0.470 Thread 0x0000021273a81760 nmethod 566 0x0000021261af3690 code [0x0000021261af3980, 0x0000021261af4858]
Event: 0.471 Thread 0x0000021273e1a0c0  567       4       java.lang.Math::max (11 bytes)
Event: 0.471 Thread 0x0000021273a81760  568   !   3       java.security.AccessController::doPrivileged (26 bytes)
Event: 0.471 Thread 0x0000021273e1a0c0 nmethod 567 0x0000021268f6da90 code [0x0000021268f6dc00, 0x0000021268f6dc58]
Event: 0.471 Thread 0x0000021273a81760 nmethod 568 0x0000021261af4e90 code [0x0000021261af50a0, 0x0000021261af5588]
Event: 0.472 Thread 0x0000021273a81760  569       3       java.lang.ref.WeakReference::<init> (7 bytes)
Event: 0.472 Thread 0x0000021273a81760 nmethod 569 0x0000021261af5810 code [0x0000021261af59c0, 0x0000021261af5c98]
Event: 0.475 Thread 0x0000021273a81760  570       3       java.io.WinNTFileSystem::normalize (224 bytes)
Event: 0.476 Thread 0x0000021273a81760 nmethod 570 0x0000021261af5d90 code [0x0000021261af6160, 0x0000021261af7c98]
Event: 0.477 Thread 0x0000021273a81760  571       3       sun.nio.fs.WindowsPathParser::normalize (233 bytes)

GC Heap History (0 events):
No events

Deoptimization events (20 events):
Event: 0.364 Thread 0x0000021257a52d50 DEOPT PACKING pc=0x0000021261ac29f6 sp=0x0000003b728fdc70
Event: 0.364 Thread 0x0000021257a52d50 DEOPT UNPACKING pc=0x00000212614be23f sp=0x0000003b728fd110 mode 0
Event: 0.365 Thread 0x0000021257a52d50 DEOPT PACKING pc=0x0000021261ac29f6 sp=0x0000003b728fdc70
Event: 0.365 Thread 0x0000021257a52d50 DEOPT UNPACKING pc=0x00000212614be23f sp=0x0000003b728fd110 mode 0
Event: 0.365 Thread 0x0000021257a52d50 DEOPT PACKING pc=0x0000021261ac29f6 sp=0x0000003b728fdc70
Event: 0.365 Thread 0x0000021257a52d50 DEOPT UNPACKING pc=0x00000212614be23f sp=0x0000003b728fd110 mode 0
Event: 0.365 Thread 0x0000021257a52d50 DEOPT PACKING pc=0x0000021261ac29f6 sp=0x0000003b728fdc70
Event: 0.365 Thread 0x0000021257a52d50 DEOPT UNPACKING pc=0x00000212614be23f sp=0x0000003b728fd110 mode 0
Event: 0.365 Thread 0x0000021257a52d50 DEOPT PACKING pc=0x0000021261ac29f6 sp=0x0000003b728fdc70
Event: 0.365 Thread 0x0000021257a52d50 DEOPT UNPACKING pc=0x00000212614be23f sp=0x0000003b728fd110 mode 0
Event: 0.365 Thread 0x0000021257a52d50 DEOPT PACKING pc=0x0000021261ac29f6 sp=0x0000003b728fdc70
Event: 0.365 Thread 0x0000021257a52d50 DEOPT UNPACKING pc=0x00000212614be23f sp=0x0000003b728fd110 mode 0
Event: 0.365 Thread 0x0000021257a52d50 DEOPT PACKING pc=0x0000021261ac29f6 sp=0x0000003b728fdc70
Event: 0.365 Thread 0x0000021257a52d50 DEOPT UNPACKING pc=0x00000212614be23f sp=0x0000003b728fd110 mode 0
Event: 0.468 Thread 0x0000021257a52d50 DEOPT PACKING pc=0x0000021261a6055e sp=0x0000003b728fcad0
Event: 0.468 Thread 0x0000021257a52d50 DEOPT UNPACKING pc=0x00000212614be23f sp=0x0000003b728fbf90 mode 0
Event: 0.477 Thread 0x0000021257a52d50 Uncommon trap: trap_request=0xffffffde fr.pc=0x0000021268f67274 relative=0x0000000000001074
Event: 0.477 Thread 0x0000021257a52d50 Uncommon trap: reason=class_check action=maybe_recompile pc=0x0000021268f67274 method=java.util.HashMap.putVal(ILjava/lang/Object;Ljava/lang/Object;ZZ)Ljava/lang/Object; @ 91 c2
Event: 0.477 Thread 0x0000021257a52d50 DEOPT PACKING pc=0x0000021268f67274 sp=0x0000003b728fc8a0
Event: 0.477 Thread 0x0000021257a52d50 DEOPT UNPACKING pc=0x00000212614be42f sp=0x0000003b728fc7c0 mode 2

Classes unloaded (0 events):
No events

Classes redefined (0 events):
No events

Internal exceptions (3 events):
Event: 0.125 Thread 0x0000021257a52d50 Exception <a 'java/lang/NoSuchMethodError'{0x00000000ffea6e90}: 'void java.lang.invoke.DirectMethodHandle$Holder.invokeStatic(java.lang.Object, java.lang.Object)'> (0x00000000ffea6e90) 
thrown [./open/src/hotspot/share/interpreter/linkResolver.cpp, line 782]
Event: 0.126 Thread 0x0000021257a52d50 Exception <a 'java/lang/NoSuchMethodError'{0x00000000ffeaac50}: 'void java.lang.invoke.DirectMethodHandle$Holder.invokeStaticInit(java.lang.Object, java.lang.Object)'> (0x00000000ffeaac50) 
thrown [./open/src/hotspot/share/interpreter/linkResolver.cpp, line 782]
Event: 0.175 Thread 0x0000021257a52d50 Exception <a 'java/lang/NoSuchMethodError'{0x00000000ffc0ddb0}: 'int java.lang.invoke.DirectMethodHandle$Holder.invokeStaticInit(java.lang.Object, java.lang.Object)'> (0x00000000ffc0ddb0) 
thrown [./open/src/hotspot/share/interpreter/linkResolver.cpp, line 782]

Events (20 events):
Event: 0.464 loading class java/lang/NoSuchFieldError
Event: 0.464 loading class java/lang/NoSuchFieldError done
Event: 0.466 loading class java/util/concurrent/LinkedBlockingQueue
Event: 0.466 loading class java/util/concurrent/BlockingQueue
Event: 0.466 loading class java/util/concurrent/BlockingQueue done
Event: 0.466 loading class java/util/AbstractQueue
Event: 0.466 loading class java/util/AbstractQueue done
Event: 0.466 loading class java/util/concurrent/LinkedBlockingQueue done
Event: 0.467 loading class java/util/concurrent/locks/AbstractQueuedSynchronizer$ConditionObject
Event: 0.467 loading class java/util/concurrent/locks/Condition
Event: 0.467 loading class java/util/concurrent/locks/Condition done
Event: 0.467 loading class java/util/concurrent/locks/AbstractQueuedSynchronizer$ConditionObject done
Event: 0.467 loading class java/util/concurrent/LinkedBlockingQueue$Node
Event: 0.467 loading class java/util/concurrent/LinkedBlockingQueue$Node done
Event: 0.468 loading class java/lang/SecurityException
Event: 0.468 loading class java/lang/SecurityException done
Event: 0.469 loading class java/net/URLClassLoader$3
Event: 0.469 loading class java/net/URLClassLoader$3 done
Event: 0.469 loading class java/net/URLClassLoader$3$1
Event: 0.469 loading class java/net/URLClassLoader$3$1 done


Dynamic libraries:
0x00007ff7110b0000 - 0x00007ff7110bf000 	C:\Program Files\Java\jdk-15.0.2\bin\java.exe
0x00007ff856750000 - 0x00007ff856945000 	C:\WINDOWS\SYSTEM32\ntdll.dll
0x00007ff8549e0000 - 0x00007ff854a9e000 	C:\WINDOWS\System32\KERNEL32.DLL
0x00007ff8544c0000 - 0x00007ff854788000 	C:\WINDOWS\System32\KERNELBASE.dll
0x00007ff8541c0000 - 0x00007ff8542c0000 	C:\WINDOWS\System32\ucrtbase.dll
0x00007ff84f3c0000 - 0x00007ff84f3d9000 	C:\Program Files\Java\jdk-15.0.2\bin\VCRUNTIME140.dll
0x00007ff8400b0000 - 0x00007ff8400c8000 	C:\Program Files\Java\jdk-15.0.2\bin\jli.dll
0x00007ff856590000 - 0x00007ff85663e000 	C:\WINDOWS\System32\ADVAPI32.dll
0x00007ff855760000 - 0x00007ff8557fe000 	C:\WINDOWS\System32\msvcrt.dll
0x00007ff855630000 - 0x00007ff8556cc000 	C:\WINDOWS\System32\sechost.dll
0x00007ff854d40000 - 0x00007ff854e65000 	C:\WINDOWS\System32\RPCRT4.dll
0x00007ff8563f0000 - 0x00007ff856590000 	C:\WINDOWS\System32\USER32.dll
0x00007ff854080000 - 0x00007ff8540a2000 	C:\WINDOWS\System32\win32u.dll
0x00007ff83f7c0000 - 0x00007ff83fa5a000 	C:\WINDOWS\WinSxS\amd64_microsoft.windows.common-controls_6595b64144ccf1df_6.0.19041.1110_none_60b5254171f9507e\COMCTL32.dll
0x00007ff854e70000 - 0x00007ff854e9a000 	C:\WINDOWS\System32\GDI32.dll
0x00007ff853f00000 - 0x00007ff85400b000 	C:\WINDOWS\System32\gdi32full.dll
0x00007ff854420000 - 0x00007ff8544bd000 	C:\WINDOWS\System32\msvcp_win.dll
0x00007ff8422e0000 - 0x00007ff8422ea000 	C:\WINDOWS\SYSTEM32\VERSION.dll
0x00007ff8563c0000 - 0x00007ff8563f0000 	C:\WINDOWS\System32\IMM32.DLL
0x00007ff84f3b0000 - 0x00007ff84f3bc000 	C:\Program Files\Java\jdk-15.0.2\bin\vcruntime140_1.dll
0x00007ff81afd0000 - 0x00007ff81b061000 	C:\Program Files\Java\jdk-15.0.2\bin\msvcp140.dll
0x00007fffdfd70000 - 0x00007fffe08ce000 	C:\Program Files\Java\jdk-15.0.2\bin\server\jvm.dll
0x00007ff855730000 - 0x00007ff855738000 	C:\WINDOWS\System32\PSAPI.DLL
0x00007ff8387e0000 - 0x00007ff8387e9000 	C:\WINDOWS\SYSTEM32\WSOCK32.dll
0x00007ff841c10000 - 0x00007ff841c37000 	C:\WINDOWS\SYSTEM32\WINMM.dll
0x00007ff854cd0000 - 0x00007ff854d3b000 	C:\WINDOWS\System32\WS2_32.dll
0x00007ff851e20000 - 0x00007ff851e32000 	C:\WINDOWS\SYSTEM32\kernel.appcore.dll
0x00007ff846690000 - 0x00007ff84669a000 	C:\Program Files\Java\jdk-15.0.2\bin\jimage.dll
0x00007ff83dbe0000 - 0x00007ff83ddc4000 	C:\WINDOWS\SYSTEM32\DBGHELP.DLL
0x00007ff83c8e0000 - 0x00007ff83c90c000 	C:\WINDOWS\SYSTEM32\dbgcore.DLL
0x00007ff8540b0000 - 0x00007ff854132000 	C:\WINDOWS\System32\bcryptPrimitives.dll
0x00007ff81e9d0000 - 0x00007ff81e9f5000 	C:\Program Files\Java\jdk-15.0.2\bin\java.dll
0x00007ff8558b0000 - 0x00007ff855ff4000 	C:\WINDOWS\System32\SHELL32.dll
0x00007ff852020000 - 0x00007ff8527b4000 	C:\WINDOWS\SYSTEM32\windows.storage.dll
0x00007ff856060000 - 0x00007ff8563b4000 	C:\WINDOWS\System32\combase.dll
0x00007ff853970000 - 0x00007ff85399c000 	C:\WINDOWS\SYSTEM32\Wldp.dll
0x00007ff855800000 - 0x00007ff8558ad000 	C:\WINDOWS\System32\SHCORE.dll
0x00007ff8556d0000 - 0x00007ff855725000 	C:\WINDOWS\System32\shlwapi.dll
0x00007ff853e40000 - 0x00007ff853e5f000 	C:\WINDOWS\SYSTEM32\profapi.dll
0x00007ff832ba0000 - 0x00007ff832bb9000 	C:\Program Files\Java\jdk-15.0.2\bin\net.dll
0x00007ff84a4b0000 - 0x00007ff84a5ba000 	C:\WINDOWS\SYSTEM32\WINHTTP.dll
0x00007ff853660000 - 0x00007ff8536ca000 	C:\WINDOWS\system32\mswsock.dll
0x00007ff81b450000 - 0x00007ff81b462000 	C:\Program Files\Java\jdk-15.0.2\bin\nio.dll
0x00007ff81b430000 - 0x00007ff81b448000 	C:\Program Files\Java\jdk-15.0.2\bin\zip.dll
0x00007ff832c20000 - 0x00007ff832c30000 	C:\Program Files\Java\jdk-15.0.2\bin\verify.dll

dbghelp: loaded successfully - version: 4.0.5 - missing functions: none
symbol engine: initialized successfully - sym options: 0x614 - pdb path: .;C:\Program Files\Java\jdk-15.0.2\bin;C:\WINDOWS\SYSTEM32;C:\WINDOWS\WinSxS\amd64_microsoft.windows.common-controls_6595b64144ccf1df_6.0.19041.1110_none_60b5254171f9507e;C:\Program Files\Java\jdk-15.0.2\bin\server

VM Arguments:
jvm_args: -Xmx64m -Xms64m -Dorg.gradle.appname=gradlew 
java_command: org.gradle.wrapper.GradleWrapperMain app:installDebug -PreactNativeDevServerPort=8081
java_class_path (initial): C:\Users\Looner-Drive\Desktop\MapossaScrapping\android\\gradle\wrapper\gradle-wrapper.jar
Launcher Type: SUN_STANDARD

[Global flags]
     intx CICompilerCount                          = 3                                         {product} {ergonomic}
     uint ConcGCThreads                            = 1                                         {product} {ergonomic}
     uint G1ConcRefinementThreads                  = 4                                         {product} {ergonomic}
   size_t G1HeapRegionSize                         = 1048576                                   {product} {ergonomic}
    uintx GCDrainStackTargetSize                   = 64                                        {product} {ergonomic}
   size_t InitialHeapSize                          = 67108864                                  {product} {command line}
   size_t MarkStackSize                            = 4194304                                   {product} {ergonomic}
   size_t MaxHeapSize                              = 67108864                                  {product} {command line}
   size_t MaxNewSize                               = 39845888                                  {product} {ergonomic}
   size_t MinHeapDeltaBytes                        = 1048576                                   {product} {ergonomic}
   size_t MinHeapSize                              = 67108864                                  {product} {command line}
    uintx NonNMethodCodeHeapSize                   = 5832780                                {pd product} {ergonomic}
    uintx NonProfiledCodeHeapSize                  = 122912730                              {pd product} {ergonomic}
    uintx ProfiledCodeHeapSize                     = 122912730                              {pd product} {ergonomic}
    uintx ReservedCodeCacheSize                    = 251658240                              {pd product} {ergonomic}
     bool SegmentedCodeCache                       = true                                      {product} {ergonomic}
   size_t SoftMaxHeapSize                          = 67108864                               {manageable} {ergonomic}
     bool UseCompressedClassPointers               = true                                 {lp64_product} {ergonomic}
     bool UseCompressedOops                        = true                                 {lp64_product} {ergonomic}
     bool UseG1GC                                  = true                                      {product} {ergonomic}
     bool UseLargePagesIndividualAllocation        = false                                  {pd product} {ergonomic}

Logging:
Log output configuration:
 #0: stdout all=warning uptime,level,tags
 #1: stderr all=off uptime,level,tags

Environment Variables:
JAVA_HOME=C:\Program Files\Java\jdk-15.0.2
CLASSPATH=C:\Users\Looner-Drive\Desktop\MapossaScrapping\android\\gradle\wrapper\gradle-wrapper.jar
PATH=C:\Users\Looner-Drive\Desktop\MapossaScrapping\android\node_modules\.bin;C:\Users\Looner-Drive\Desktop\MapossaScrapping\node_modules\.bin;C:\Users\Looner-Drive\Desktop\node_modules\.bin;C:\Users\Looner-Drive\node_modules\.bin;C:\Users\node_modules\.bin;C:\node_modules\.bin;C:\Program Files\nodejs;C:\Users\Looner-Drive\Desktop\MapossaScrapping\node_modules\.bin;C:\Program Files\Common Files\Oracle\Java\javapath;C:\WINDOWS\system32;C:\WINDOWS;C:\WINDOWS\System32\Wbem;C:\WINDOWS\System32\WindowsPowerShell\v1.0\;C:\Program Files (x86)\Common Files\lenovo\easyplussdk\bin;C:\Program Files (x86)\ATI Technologies\ATI.ACE\Core-Static;C:\Program Files\Intel\WiFi\bin\;C:\Program Files\Common Files\Intel\WirelessCommon\;C:\WINDOWS\System32\OpenSSH\;C:\Program Files\Microsoft VS Code\bin;C:\Program Files\nodejs\;C:\Program Files\Git\cmd;C:\Program Files\dotnet\;C:\Users\Looner-Drive\AppData\Local\Microsoft\WindowsApps;C:\Users\Looner-Drive\AppData\Roaming\npm;C:\Users\Looner-Drive\AppData\Local\Android\Sdk\platform-tools;C:\Users\Looner-Drive\AppData\Local\Android\Sdk;C:\Users\Looner-Drive\.dotnet\tools
USERNAME=Looner-Drive
LANG=fr_FR.UTF-8
OS=Windows_NT
PROCESSOR_IDENTIFIER=Intel64 Family 6 Model 78 Stepping 3, GenuineIntel



---------------  S Y S T E M  ---------------

OS:
 Windows 10 , 64 bit Build 19041 (10.0.19041.1645)
OS uptime: 0 days 9:30 hours

CPU: total 4 (initial active 4) (2 cores per cpu, 2 threads per core) family 6 model 78 stepping 3 microcode 0xcc, cmov, cx8, fxsr, mmx, sse, sse2, sse3, ssse3, sse4.1, sse4.2, popcnt, vzeroupper, avx, avx2, aes, clmul, erms, 3dnowpref, lzcnt, ht, tsc, tscinvbit, bmi1, bmi2, adx, fma, clflush, clflushopt

Memory: 4k page, system-wide physical 12170M (1819M free)
TotalPageFile size 17170M (AvailPageFile size 2M)
current process WorkingSet (physical memory assigned to process): 55M, peak: 55M
current process commit charge ("private bytes"): 146M, peak: 146M

vm_info: Java HotSpot(TM) 64-Bit Server VM (15.0.2+7-27) for windows-amd64 JRE (15.0.2+7-27), built on Dec  7 2020 20:07:01 by "mach5one" with unknown MS VC++:1925

END.
